<?xml version="1.0" encoding="UTF-8"?>
<!-- Generated by org.testng.reporters.JUnitXMLReporter -->
<testsuite ignored="0" hostname="LAPTOP-UJACL8U6" failures="1" tests="3" name="Error Validation Test" time="27.506" errors="0" timestamp="2025-04-30T00:37:56 IST">
  <testcase classname="EndToEndEcommerceFramework.tests.ErrorValidationTest" name="invalidCredentials" time="1.069">
    <skipped/>
  </testcase> <!-- invalidCredentials -->
  <testcase classname="EndToEndEcommerceFramework.tests.ErrorValidationTest" name="invalidCredentials" time="1.036">
    <failure type="java.lang.AssertionError" message="expected [Incorrect email or password.] but found [Incorrect email orrr password.]">
      <![CDATA[java.lang.AssertionError: expected [Incorrect email or password.] but found [Incorrect email orrr password.]
at EndToEndEcommerceFramework.tests.ErrorValidationTest.invalidCredentials(ErrorValidationTest.java:36)
at java.base/java.util.ArrayList.forEach(ArrayList.java:1596)
... Removed 35 stack frames]]>
    </failure>
  </testcase> <!-- invalidCredentials -->
  <testcase classname="EndToEndEcommerceFramework.tests.ErrorValidationTest" name="invalidProduct" time="8.802"/>
</testsuite> <!-- Error Validation Test -->
